2022-07-19 11:48:32 [main]**************** INFO  com.example.histudent.HistudentApplication - Starting HistudentApplication using Java 17.0.3.1 on MuShan with PID 4220 (D:\Development\Programming\MyCode\IDEAProject\histudent\target\classes started by MuShan in D:\Development\Programming\MyCode\IDEAProject\histudent)
2022-07-19 11:48:32 [main]**************** INFO  com.example.histudent.HistudentApplication - The following 1 profile is active: "dev"
2022-07-19 11:48:33 [main]**************** WARN  org.mybatis.spring.mapper.ClassPathMapperScanner - No MyBatis mapper was found in '[com.example.histudent]' package. Please check your configuration.
2022-07-19 11:48:34 [main]**************** INFO  org.apache.catalina.core.AprLifecycleListener - Loaded Apache Tomcat Native library [1.2.31] using APR version [1.7.0].
2022-07-19 11:48:34 [main]**************** INFO  org.apache.catalina.core.AprLifecycleListener - APR capabilities: IPv6 [true], sendfile [true], accept filters [false], random [true], UDS [true].
2022-07-19 11:48:34 [main]**************** INFO  org.apache.catalina.core.AprLifecycleListener - APR/OpenSSL configuration: useAprConnector [false], useOpenSSL [true]
2022-07-19 11:48:34 [main]**************** INFO  org.apache.catalina.core.AprLifecycleListener - OpenSSL successfully initialized [OpenSSL 1.1.1l  24 Aug 2021]
2022-07-19 11:48:34 [main]**************** INFO  org.apache.coyote.http11.Http11NioProtocol - Initializing ProtocolHandler ["http-nio-8081"]
2022-07-19 11:48:34 [main]**************** INFO  org.apache.catalina.core.StandardService - Starting service [Tomcat]
2022-07-19 11:48:34 [main]**************** INFO  org.apache.catalina.core.StandardEngine - Starting Servlet engine: [Apache Tomcat/9.0.64]
2022-07-19 11:48:34 [main]**************** INFO  o.a.c.core.ContainerBase.[Tomcat].[localhost].[/] - Initializing Spring embedded WebApplicationContext
2022-07-19 11:48:34 [main]**************** INFO  com.zaxxer.hikari.HikariDataSource - HikariPool-1 - Starting...
2022-07-19 11:48:35 [main]**************** INFO  com.zaxxer.hikari.HikariDataSource - HikariPool-1 - Start completed.
2022-07-19 11:48:35 [main]**************** INFO  org.hibernate.jpa.internal.util.LogHelper - HHH000204: Processing PersistenceUnitInfo [name: default]
2022-07-19 11:48:36 [main]**************** INFO  org.hibernate.Version - HHH000412: Hibernate ORM core version 5.6.9.Final
2022-07-19 11:48:36 [main]**************** INFO  org.hibernate.annotations.common.Version - HCANN000001: Hibernate Commons Annotations {5.1.2.Final}
2022-07-19 11:48:36 [main]**************** INFO  org.hibernate.dialect.Dialect - HHH000400: Using dialect: org.hibernate.dialect.MySQL8Dialect
2022-07-19 11:48:36 [main]**************** INFO  o.h.e.t.jta.platform.internal.JtaPlatformInitiator - HHH000490: Using JtaPlatform implementation: [org.hibernate.engine.transaction.jta.platform.internal.NoJtaPlatform]
2022-07-19 11:48:36 [main]**************** INFO  org.apache.coyote.http11.Http11NioProtocol - Starting ProtocolHandler ["http-nio-8081"]
2022-07-19 11:48:37 [main]**************** INFO  com.example.histudent.HistudentApplication - Started HistudentApplication in 6.735 seconds (JVM running for 9.104)
