2022-07-22 00:10:36 [main]**************** INFO  com.example.histudent.HistudentApplication - Starting HistudentApplication using Java 1.8.0_301 on LAPTOP-NM7AET7F with PID 14420 (E:\ËΩØ‰ª∂ËÆæËÆ°Â§ßËµõ\ÂêéÁ´Ø\histudent-master\target\classes started by ÈæôÊ∂õ05664416459 in E:\ËΩØ‰ª∂ËÆæËÆ°Â§ßËµõ\ÂêéÁ´Ø\histudent-master)
2022-07-22 00:10:36 [main]**************** INFO  com.example.histudent.HistudentApplication - The following 1 profile is active: "dev"
2022-07-22 00:10:38 [main]**************** INFO  org.apache.coyote.http11.Http11NioProtocol - Initializing ProtocolHandler ["http-nio-8081"]
2022-07-22 00:10:38 [main]**************** INFO  org.apache.catalina.core.StandardService - Starting service [Tomcat]
2022-07-22 00:10:38 [main]**************** INFO  org.apache.catalina.core.StandardEngine - Starting Servlet engine: [Apache Tomcat/9.0.64]
2022-07-22 00:10:38 [main]**************** INFO  o.a.c.core.ContainerBase.[Tomcat].[localhost].[/] - Initializing Spring embedded WebApplicationContext
2022-07-22 00:10:38 [main]**************** INFO  com.zaxxer.hikari.HikariDataSource - HikariPool-1 - Starting...
2022-07-22 00:10:38 [main]**************** INFO  com.zaxxer.hikari.HikariDataSource - HikariPool-1 - Start completed.
2022-07-22 00:10:38 [main]**************** INFO  org.hibernate.jpa.internal.util.LogHelper - HHH000204: Processing PersistenceUnitInfo [name: default]
2022-07-22 00:10:38 [main]**************** INFO  org.hibernate.Version - HHH000412: Hibernate ORM core version 5.6.9.Final
2022-07-22 00:10:39 [main]**************** INFO  org.hibernate.annotations.common.Version - HCANN000001: Hibernate Commons Annotations {5.1.2.Final}
2022-07-22 00:10:39 [main]**************** INFO  org.hibernate.dialect.Dialect - HHH000400: Using dialect: org.hibernate.dialect.MySQL57Dialect
2022-07-22 00:10:39 [main]**************** INFO  o.h.e.t.jta.platform.internal.JtaPlatformInitiator - HHH000490: Using JtaPlatform implementation: [org.hibernate.engine.transaction.jta.platform.internal.NoJtaPlatform]
2022-07-22 00:10:40 [main]**************** INFO  org.apache.coyote.http11.Http11NioProtocol - Starting ProtocolHandler ["http-nio-8081"]
2022-07-22 00:10:40 [main]**************** INFO  com.example.histudent.HistudentApplication - Started HistudentApplication in 4.651 seconds (JVM running for 5.797)
2022-07-22 00:10:52 [http-nio-8081-exec-2]**************** INFO  o.a.c.core.ContainerBase.[Tomcat].[localhost].[/] - Initializing Spring DispatcherServlet 'dispatcherServlet'
2022-07-22 00:11:22 [SpringApplicationShutdownHook]**************** INFO  com.zaxxer.hikari.HikariDataSource - HikariPool-1 - Shutdown initiated...
2022-07-22 00:11:22 [SpringApplicationShutdownHook]**************** INFO  com.zaxxer.hikari.HikariDataSource - HikariPool-1 - Shutdown completed.
2022-07-22 00:11:40 [main]**************** INFO  com.example.histudent.HistudentApplicationTests - Starting HistudentApplicationTests using Java 1.8.0_301 on LAPTOP-NM7AET7F with PID 14688 (started by ¡˙ÃŒ05664416459 in E:\»Ìº˛…Ëº∆¥Û»¸\∫Û∂À\histudent-master)
2022-07-22 00:11:40 [main]**************** INFO  com.example.histudent.HistudentApplicationTests - The following 1 profile is active: "dev"
2022-07-22 00:11:42 [main]**************** INFO  com.zaxxer.hikari.HikariDataSource - HikariPool-1 - Starting...
2022-07-22 00:11:43 [main]**************** INFO  com.zaxxer.hikari.HikariDataSource - HikariPool-1 - Start completed.
2022-07-22 00:11:43 [main]**************** INFO  org.hibernate.jpa.internal.util.LogHelper - HHH000204: Processing PersistenceUnitInfo [name: default]
2022-07-22 00:11:43 [main]**************** INFO  org.hibernate.Version - HHH000412: Hibernate ORM core version 5.6.9.Final
2022-07-22 00:11:43 [main]**************** INFO  org.hibernate.annotations.common.Version - HCANN000001: Hibernate Commons Annotations {5.1.2.Final}
2022-07-22 00:11:44 [main]**************** INFO  org.hibernate.dialect.Dialect - HHH000400: Using dialect: org.hibernate.dialect.MySQL57Dialect
2022-07-22 00:11:44 [main]**************** INFO  o.h.e.t.jta.platform.internal.JtaPlatformInitiator - HHH000490: Using JtaPlatform implementation: [org.hibernate.engine.transaction.jta.platform.internal.NoJtaPlatform]
2022-07-22 00:11:47 [main]**************** INFO  com.example.histudent.HistudentApplicationTests - Started HistudentApplicationTests in 6.967 seconds (JVM running for 8.688)
2022-07-22 00:11:47 [SpringApplicationShutdownHook]**************** INFO  com.zaxxer.hikari.HikariDataSource - HikariPool-1 - Shutdown initiated...
2022-07-22 00:11:47 [SpringApplicationShutdownHook]**************** INFO  com.zaxxer.hikari.HikariDataSource - HikariPool-1 - Shutdown completed.
2022-07-22 00:12:01 [main]**************** INFO  com.example.histudent.HistudentApplicationTests - Starting HistudentApplicationTests using Java 1.8.0_301 on LAPTOP-NM7AET7F with PID 12768 (started by ¡˙ÃŒ05664416459 in E:\»Ìº˛…Ëº∆¥Û»¸\∫Û∂À\histudent-master)
2022-07-22 00:12:01 [main]**************** INFO  com.example.histudent.HistudentApplicationTests - The following 1 profile is active: "dev"
2022-07-22 00:12:03 [main]**************** INFO  com.zaxxer.hikari.HikariDataSource - HikariPool-1 - Starting...
2022-07-22 00:12:04 [main]**************** INFO  com.zaxxer.hikari.HikariDataSource - HikariPool-1 - Start completed.
2022-07-22 00:12:04 [main]**************** INFO  org.hibernate.jpa.internal.util.LogHelper - HHH000204: Processing PersistenceUnitInfo [name: default]
2022-07-22 00:12:04 [main]**************** INFO  org.hibernate.Version - HHH000412: Hibernate ORM core version 5.6.9.Final
2022-07-22 00:12:05 [main]**************** INFO  org.hibernate.annotations.common.Version - HCANN000001: Hibernate Commons Annotations {5.1.2.Final}
2022-07-22 00:12:05 [main]**************** INFO  org.hibernate.dialect.Dialect - HHH000400: Using dialect: org.hibernate.dialect.MySQL57Dialect
2022-07-22 00:12:06 [main]**************** INFO  o.h.e.t.jta.platform.internal.JtaPlatformInitiator - HHH000490: Using JtaPlatform implementation: [org.hibernate.engine.transaction.jta.platform.internal.NoJtaPlatform]
2022-07-22 00:12:11 [main]**************** INFO  com.example.histudent.HistudentApplicationTests - Started HistudentApplicationTests in 10.999 seconds (JVM running for 12.762)
2022-07-22 00:12:11 [SpringApplicationShutdownHook]**************** INFO  com.zaxxer.hikari.HikariDataSource - HikariPool-1 - Shutdown initiated...
2022-07-22 00:12:11 [SpringApplicationShutdownHook]**************** INFO  com.zaxxer.hikari.HikariDataSource - HikariPool-1 - Shutdown completed.
2022-07-22 10:29:18 [main]**************** INFO  com.example.histudent.HistudentApplication - Starting HistudentApplication using Java 1.8.0_301 on LAPTOP-NM7AET7F with PID 15320 (E:\ËΩØ‰ª∂ËÆæËÆ°Â§ßËµõ\ÂêéÁ´Ø\histudent-master\target\classes started by ÈæôÊ∂õ05664416459 in E:\ËΩØ‰ª∂ËÆæËÆ°Â§ßËµõ\ÂêéÁ´Ø\histudent-master)
2022-07-22 10:29:18 [main]**************** INFO  com.example.histudent.HistudentApplication - The following 1 profile is active: "dev"
2022-07-22 10:29:20 [main]**************** INFO  org.apache.coyote.http11.Http11NioProtocol - Initializing ProtocolHandler ["http-nio-8081"]
2022-07-22 10:29:20 [main]**************** INFO  org.apache.catalina.core.StandardService - Starting service [Tomcat]
2022-07-22 10:29:20 [main]**************** INFO  org.apache.catalina.core.StandardEngine - Starting Servlet engine: [Apache Tomcat/9.0.64]
2022-07-22 10:29:20 [main]**************** INFO  o.a.c.core.ContainerBase.[Tomcat].[localhost].[/] - Initializing Spring embedded WebApplicationContext
2022-07-22 10:29:20 [main]**************** INFO  com.zaxxer.hikari.HikariDataSource - HikariPool-1 - Starting...
2022-07-22 10:29:21 [main]**************** INFO  com.zaxxer.hikari.HikariDataSource - HikariPool-1 - Start completed.
2022-07-22 10:29:21 [main]**************** INFO  org.hibernate.jpa.internal.util.LogHelper - HHH000204: Processing PersistenceUnitInfo [name: default]
2022-07-22 10:29:21 [main]**************** INFO  org.hibernate.Version - HHH000412: Hibernate ORM core version 5.6.9.Final
2022-07-22 10:29:21 [main]**************** INFO  org.hibernate.annotations.common.Version - HCANN000001: Hibernate Commons Annotations {5.1.2.Final}
2022-07-22 10:29:21 [main]**************** INFO  org.hibernate.dialect.Dialect - HHH000400: Using dialect: org.hibernate.dialect.MySQL57Dialect
2022-07-22 10:29:22 [main]**************** INFO  o.h.e.t.jta.platform.internal.JtaPlatformInitiator - HHH000490: Using JtaPlatform implementation: [org.hibernate.engine.transaction.jta.platform.internal.NoJtaPlatform]
2022-07-22 10:29:23 [main]**************** INFO  org.apache.coyote.http11.Http11NioProtocol - Starting ProtocolHandler ["http-nio-8081"]
2022-07-22 10:29:23 [main]**************** INFO  com.example.histudent.HistudentApplication - Started HistudentApplication in 6.271 seconds (JVM running for 7.484)
2022-07-22 10:29:29 [http-nio-8081-exec-1]**************** INFO  o.a.c.core.ContainerBase.[Tomcat].[localhost].[/] - Initializing Spring DispatcherServlet 'dispatcherServlet'
2022-07-22 10:29:29 [http-nio-8081-exec-1]**************** ERROR o.a.c.c.C.[.[localhost].[/].[dispatcherServlet] - Servlet.service() for servlet [dispatcherServlet] in context with path [] threw exception [Request processing failed; nested exception is java.lang.IllegalArgumentException: When allowCredentials is true, allowedOrigins cannot contain the special value "*" since that cannot be set on the "Access-Control-Allow-Origin" response header. To allow credentials to a set of origins, list them explicitly or consider using "allowedOriginPatterns" instead.] with root cause
java.lang.IllegalArgumentException: When allowCredentials is true, allowedOrigins cannot contain the special value "*" since that cannot be set on the "Access-Control-Allow-Origin" response header. To allow credentials to a set of origins, list them explicitly or consider using "allowedOriginPatterns" instead.
	at org.springframework.web.cors.CorsConfiguration.validateAllowCredentials(CorsConfiguration.java:473)
	at org.springframework.web.servlet.handler.AbstractHandlerMapping.getHandler(AbstractHandlerMapping.java:532)
	at org.springframework.web.servlet.DispatcherServlet.getHandler(DispatcherServlet.java:1261)
	at org.springframework.web.servlet.DispatcherServlet.doDispatch(DispatcherServlet.java:1043)
	at org.springframework.web.servlet.DispatcherServlet.doService(DispatcherServlet.java:963)
	at org.springframework.web.servlet.FrameworkServlet.processRequest(FrameworkServlet.java:1006)
	at org.springframework.web.servlet.FrameworkServlet.doGet(FrameworkServlet.java:898)
	at javax.servlet.http.HttpServlet.service(HttpServlet.java:655)
	at org.springframework.web.servlet.FrameworkServlet.service(FrameworkServlet.java:883)
	at javax.servlet.http.HttpServlet.service(HttpServlet.java:764)
	at org.apache.catalina.core.ApplicationFilterChain.internalDoFilter(ApplicationFilterChain.java:227)
	at org.apache.catalina.core.ApplicationFilterChain.doFilter(ApplicationFilterChain.java:162)
	at org.apache.tomcat.websocket.server.WsFilter.doFilter(WsFilter.java:53)
	at org.apache.catalina.core.ApplicationFilterChain.internalDoFilter(ApplicationFilterChain.java:189)
	at org.apache.catalina.core.ApplicationFilterChain.doFilter(ApplicationFilterChain.java:162)
	at org.springframework.web.filter.RequestContextFilter.doFilterInternal(RequestContextFilter.java:100)
	at org.springframework.web.filter.OncePerRequestFilter.doFilter(OncePerRequestFilter.java:117)
	at org.apache.catalina.core.ApplicationFilterChain.internalDoFilter(ApplicationFilterChain.java:189)
	at org.apache.catalina.core.ApplicationFilterChain.doFilter(ApplicationFilterChain.java:162)
	at org.springframework.web.filter.FormContentFilter.doFilterInternal(FormContentFilter.java:93)
	at org.springframework.web.filter.OncePerRequestFilter.doFilter(OncePerRequestFilter.java:117)
	at org.apache.catalina.core.ApplicationFilterChain.internalDoFilter(ApplicationFilterChain.java:189)
	at org.apache.catalina.core.ApplicationFilterChain.doFilter(ApplicationFilterChain.java:162)
	at org.springframework.web.filter.CharacterEncodingFilter.doFilterInternal(CharacterEncodingFilter.java:201)
	at org.springframework.web.filter.OncePerRequestFilter.doFilter(OncePerRequestFilter.java:117)
	at org.apache.catalina.core.ApplicationFilterChain.internalDoFilter(ApplicationFilterChain.java:189)
	at org.apache.catalina.core.ApplicationFilterChain.doFilter(ApplicationFilterChain.java:162)
	at org.apache.catalina.core.StandardWrapperValve.invoke(StandardWrapperValve.java:197)
	at org.apache.catalina.core.StandardContextValve.invoke(StandardContextValve.java:97)
	at org.apache.catalina.authenticator.AuthenticatorBase.invoke(AuthenticatorBase.java:541)
	at org.apache.catalina.core.StandardHostValve.invoke(StandardHostValve.java:135)
	at org.apache.catalina.valves.ErrorReportValve.invoke(ErrorReportValve.java:92)
	at org.apache.catalina.core.StandardEngineValve.invoke(StandardEngineValve.java:78)
	at org.apache.catalina.connector.CoyoteAdapter.service(CoyoteAdapter.java:360)
	at org.apache.coyote.http11.Http11Processor.service(Http11Processor.java:399)
	at org.apache.coyote.AbstractProcessorLight.process(AbstractProcessorLight.java:65)
	at org.apache.coyote.AbstractProtocol$ConnectionHandler.process(AbstractProtocol.java:890)
	at org.apache.tomcat.util.net.NioEndpoint$SocketProcessor.doRun(NioEndpoint.java:1787)
	at org.apache.tomcat.util.net.SocketProcessorBase.run(SocketProcessorBase.java:49)
	at org.apache.tomcat.util.threads.ThreadPoolExecutor.runWorker(ThreadPoolExecutor.java:1191)
	at org.apache.tomcat.util.threads.ThreadPoolExecutor$Worker.run(ThreadPoolExecutor.java:659)
	at org.apache.tomcat.util.threads.TaskThread$WrappingRunnable.run(TaskThread.java:61)
	at java.lang.Thread.run(Thread.java:748)
2022-07-22 10:29:29 [http-nio-8081-exec-1]**************** ERROR o.a.c.c.C.[.[localhost].[/].[dispatcherServlet] - Servlet.service() for servlet [dispatcherServlet] threw exception
java.lang.IllegalArgumentException: When allowCredentials is true, allowedOrigins cannot contain the special value "*" since that cannot be set on the "Access-Control-Allow-Origin" response header. To allow credentials to a set of origins, list them explicitly or consider using "allowedOriginPatterns" instead.
	at org.springframework.web.cors.CorsConfiguration.validateAllowCredentials(CorsConfiguration.java:473)
	at org.springframework.web.servlet.handler.AbstractHandlerMapping.getHandler(AbstractHandlerMapping.java:532)
	at org.springframework.web.servlet.DispatcherServlet.getHandler(DispatcherServlet.java:1261)
	at org.springframework.web.servlet.DispatcherServlet.doDispatch(DispatcherServlet.java:1043)
	at org.springframework.web.servlet.DispatcherServlet.doService(DispatcherServlet.java:963)
	at org.springframework.web.servlet.FrameworkServlet.processRequest(FrameworkServlet.java:1006)
	at org.springframework.web.servlet.FrameworkServlet.doGet(FrameworkServlet.java:898)
	at javax.servlet.http.HttpServlet.service(HttpServlet.java:655)
	at org.springframework.web.servlet.FrameworkServlet.service(FrameworkServlet.java:883)
	at javax.servlet.http.HttpServlet.service(HttpServlet.java:764)
	at org.apache.catalina.core.ApplicationFilterChain.internalDoFilter(ApplicationFilterChain.java:227)
	at org.apache.catalina.core.ApplicationFilterChain.doFilter(ApplicationFilterChain.java:162)
	at org.springframework.web.filter.RequestContextFilter.doFilterInternal(RequestContextFilter.java:100)
	at org.springframework.web.filter.OncePerRequestFilter.doFilter(OncePerRequestFilter.java:117)
	at org.apache.catalina.core.ApplicationFilterChain.internalDoFilter(ApplicationFilterChain.java:189)
	at org.apache.catalina.core.ApplicationFilterChain.doFilter(ApplicationFilterChain.java:162)
	at org.springframework.web.filter.OncePerRequestFilter.doFilter(OncePerRequestFilter.java:102)
	at org.apache.catalina.core.ApplicationFilterChain.internalDoFilter(ApplicationFilterChain.java:189)
	at org.apache.catalina.core.ApplicationFilterChain.doFilter(ApplicationFilterChain.java:162)
	at org.springframework.web.filter.OncePerRequestFilter.doFilter(OncePerRequestFilter.java:102)
	at org.apache.catalina.core.ApplicationFilterChain.internalDoFilter(ApplicationFilterChain.java:189)
	at org.apache.catalina.core.ApplicationFilterChain.doFilter(ApplicationFilterChain.java:162)
	at org.apache.catalina.core.ApplicationDispatcher.invoke(ApplicationDispatcher.java:711)
	at org.apache.catalina.core.ApplicationDispatcher.processRequest(ApplicationDispatcher.java:461)
	at org.apache.catalina.core.ApplicationDispatcher.doForward(ApplicationDispatcher.java:385)
	at org.apache.catalina.core.ApplicationDispatcher.forward(ApplicationDispatcher.java:313)
	at org.apache.catalina.core.StandardHostValve.custom(StandardHostValve.java:403)
	at org.apache.catalina.core.StandardHostValve.status(StandardHostValve.java:249)
	at org.apache.catalina.core.StandardHostValve.throwable(StandardHostValve.java:344)
	at org.apache.catalina.core.StandardHostValve.invoke(StandardHostValve.java:169)
	at org.apache.catalina.valves.ErrorReportValve.invoke(ErrorReportValve.java:92)
	at org.apache.catalina.core.StandardEngineValve.invoke(StandardEngineValve.java:78)
	at org.apache.catalina.connector.CoyoteAdapter.service(CoyoteAdapter.java:360)
	at org.apache.coyote.http11.Http11Processor.service(Http11Processor.java:399)
	at org.apache.coyote.AbstractProcessorLight.process(AbstractProcessorLight.java:65)
	at org.apache.coyote.AbstractProtocol$ConnectionHandler.process(AbstractProtocol.java:890)
	at org.apache.tomcat.util.net.NioEndpoint$SocketProcessor.doRun(NioEndpoint.java:1787)
	at org.apache.tomcat.util.net.SocketProcessorBase.run(SocketProcessorBase.java:49)
	at org.apache.tomcat.util.threads.ThreadPoolExecutor.runWorker(ThreadPoolExecutor.java:1191)
	at org.apache.tomcat.util.threads.ThreadPoolExecutor$Worker.run(ThreadPoolExecutor.java:659)
	at org.apache.tomcat.util.threads.TaskThread$WrappingRunnable.run(TaskThread.java:61)
	at java.lang.Thread.run(Thread.java:748)
2022-07-22 10:29:29 [http-nio-8081-exec-1]**************** ERROR o.a.c.core.ContainerBase.[Tomcat].[localhost] - Exception Processing ErrorPage[errorCode=0, location=/error]
org.springframework.web.util.NestedServletException: Request processing failed; nested exception is java.lang.IllegalArgumentException: When allowCredentials is true, allowedOrigins cannot contain the special value "*" since that cannot be set on the "Access-Control-Allow-Origin" response header. To allow credentials to a set of origins, list them explicitly or consider using "allowedOriginPatterns" instead.
	at org.springframework.web.servlet.FrameworkServlet.processRequest(FrameworkServlet.java:1014)
	at org.springframework.web.servlet.FrameworkServlet.doGet(FrameworkServlet.java:898)
	at javax.servlet.http.HttpServlet.service(HttpServlet.java:655)
	at org.springframework.web.servlet.FrameworkServlet.service(FrameworkServlet.java:883)
	at javax.servlet.http.HttpServlet.service(HttpServlet.java:764)
	at org.apache.catalina.core.ApplicationFilterChain.internalDoFilter(ApplicationFilterChain.java:227)
	at org.apache.catalina.core.ApplicationFilterChain.doFilter(ApplicationFilterChain.java:162)
	at org.springframework.web.filter.RequestContextFilter.doFilterInternal(RequestContextFilter.java:100)
	at org.springframework.web.filter.OncePerRequestFilter.doFilter(OncePerRequestFilter.java:117)
	at org.apache.catalina.core.ApplicationFilterChain.internalDoFilter(ApplicationFilterChain.java:189)
	at org.apache.catalina.core.ApplicationFilterChain.doFilter(ApplicationFilterChain.java:162)
	at org.springframework.web.filter.OncePerRequestFilter.doFilter(OncePerRequestFilter.java:102)
	at org.apache.catalina.core.ApplicationFilterChain.internalDoFilter(ApplicationFilterChain.java:189)
	at org.apache.catalina.core.ApplicationFilterChain.doFilter(ApplicationFilterChain.java:162)
	at org.springframework.web.filter.OncePerRequestFilter.doFilter(OncePerRequestFilter.java:102)
	at org.apache.catalina.core.ApplicationFilterChain.internalDoFilter(ApplicationFilterChain.java:189)
	at org.apache.catalina.core.ApplicationFilterChain.doFilter(ApplicationFilterChain.java:162)
	at org.apache.catalina.core.ApplicationDispatcher.invoke(ApplicationDispatcher.java:711)
	at org.apache.catalina.core.ApplicationDispatcher.processRequest(ApplicationDispatcher.java:461)
	at org.apache.catalina.core.ApplicationDispatcher.doForward(ApplicationDispatcher.java:385)
	at org.apache.catalina.core.ApplicationDispatcher.forward(ApplicationDispatcher.java:313)
	at org.apache.catalina.core.StandardHostValve.custom(StandardHostValve.java:403)
	at org.apache.catalina.core.StandardHostValve.status(StandardHostValve.java:249)
	at org.apache.catalina.core.StandardHostValve.throwable(StandardHostValve.java:344)
	at org.apache.catalina.core.StandardHostValve.invoke(StandardHostValve.java:169)
	at org.apache.catalina.valves.ErrorReportValve.invoke(ErrorReportValve.java:92)
	at org.apache.catalina.core.StandardEngineValve.invoke(StandardEngineValve.java:78)
	at org.apache.catalina.connector.CoyoteAdapter.service(CoyoteAdapter.java:360)
	at org.apache.coyote.http11.Http11Processor.service(Http11Processor.java:399)
	at org.apache.coyote.AbstractProcessorLight.process(AbstractProcessorLight.java:65)
	at org.apache.coyote.AbstractProtocol$ConnectionHandler.process(AbstractProtocol.java:890)
	at org.apache.tomcat.util.net.NioEndpoint$SocketProcessor.doRun(NioEndpoint.java:1787)
	at org.apache.tomcat.util.net.SocketProcessorBase.run(SocketProcessorBase.java:49)
	at org.apache.tomcat.util.threads.ThreadPoolExecutor.runWorker(ThreadPoolExecutor.java:1191)
	at org.apache.tomcat.util.threads.ThreadPoolExecutor$Worker.run(ThreadPoolExecutor.java:659)
	at org.apache.tomcat.util.threads.TaskThread$WrappingRunnable.run(TaskThread.java:61)
	at java.lang.Thread.run(Thread.java:748)
Caused by: java.lang.IllegalArgumentException: When allowCredentials is true, allowedOrigins cannot contain the special value "*" since that cannot be set on the "Access-Control-Allow-Origin" response header. To allow credentials to a set of origins, list them explicitly or consider using "allowedOriginPatterns" instead.
	at org.springframework.web.cors.CorsConfiguration.validateAllowCredentials(CorsConfiguration.java:473)
	at org.springframework.web.servlet.handler.AbstractHandlerMapping.getHandler(AbstractHandlerMapping.java:532)
	at org.springframework.web.servlet.DispatcherServlet.getHandler(DispatcherServlet.java:1261)
	at org.springframework.web.servlet.DispatcherServlet.doDispatch(DispatcherServlet.java:1043)
	at org.springframework.web.servlet.DispatcherServlet.doService(DispatcherServlet.java:963)
	at org.springframework.web.servlet.FrameworkServlet.processRequest(FrameworkServlet.java:1006)
	... 36 common frames omitted
2022-07-22 10:30:07 [SpringApplicationShutdownHook]**************** INFO  com.zaxxer.hikari.HikariDataSource - HikariPool-1 - Shutdown initiated...
2022-07-22 10:30:07 [SpringApplicationShutdownHook]**************** INFO  com.zaxxer.hikari.HikariDataSource - HikariPool-1 - Shutdown completed.
2022-07-22 10:30:13 [main]**************** INFO  com.example.histudent.HistudentApplication - Starting HistudentApplication using Java 1.8.0_301 on LAPTOP-NM7AET7F with PID 3080 (E:\ËΩØ‰ª∂ËÆæËÆ°Â§ßËµõ\ÂêéÁ´Ø\histudent-master\target\classes started by ÈæôÊ∂õ05664416459 in E:\ËΩØ‰ª∂ËÆæËÆ°Â§ßËµõ\ÂêéÁ´Ø\histudent-master)
2022-07-22 10:30:13 [main]**************** INFO  com.example.histudent.HistudentApplication - The following 1 profile is active: "dev"
2022-07-22 10:30:14 [main]**************** INFO  org.apache.coyote.http11.Http11NioProtocol - Initializing ProtocolHandler ["http-nio-8081"]
2022-07-22 10:30:14 [main]**************** INFO  org.apache.catalina.core.StandardService - Starting service [Tomcat]
2022-07-22 10:30:14 [main]**************** INFO  org.apache.catalina.core.StandardEngine - Starting Servlet engine: [Apache Tomcat/9.0.64]
2022-07-22 10:30:14 [main]**************** INFO  o.a.c.core.ContainerBase.[Tomcat].[localhost].[/] - Initializing Spring embedded WebApplicationContext
2022-07-22 10:30:15 [main]**************** INFO  com.zaxxer.hikari.HikariDataSource - HikariPool-1 - Starting...
2022-07-22 10:30:15 [main]**************** INFO  com.zaxxer.hikari.HikariDataSource - HikariPool-1 - Start completed.
2022-07-22 10:30:15 [main]**************** INFO  org.hibernate.jpa.internal.util.LogHelper - HHH000204: Processing PersistenceUnitInfo [name: default]
2022-07-22 10:30:15 [main]**************** INFO  org.hibernate.Version - HHH000412: Hibernate ORM core version 5.6.9.Final
2022-07-22 10:30:15 [main]**************** INFO  org.hibernate.annotations.common.Version - HCANN000001: Hibernate Commons Annotations {5.1.2.Final}
2022-07-22 10:30:15 [main]**************** INFO  org.hibernate.dialect.Dialect - HHH000400: Using dialect: org.hibernate.dialect.MySQL57Dialect
2022-07-22 10:30:15 [main]**************** INFO  o.h.e.t.jta.platform.internal.JtaPlatformInitiator - HHH000490: Using JtaPlatform implementation: [org.hibernate.engine.transaction.jta.platform.internal.NoJtaPlatform]
2022-07-22 10:30:17 [main]**************** INFO  org.apache.coyote.http11.Http11NioProtocol - Starting ProtocolHandler ["http-nio-8081"]
2022-07-22 10:30:17 [main]**************** INFO  com.example.histudent.HistudentApplication - Started HistudentApplication in 4.318 seconds (JVM running for 5.404)
2022-07-22 10:30:22 [http-nio-8081-exec-1]**************** INFO  o.a.c.core.ContainerBase.[Tomcat].[localhost].[/] - Initializing Spring DispatcherServlet 'dispatcherServlet'
2022-07-22 10:31:50 [SpringApplicationShutdownHook]**************** INFO  com.zaxxer.hikari.HikariDataSource - HikariPool-1 - Shutdown initiated...
2022-07-22 10:31:50 [SpringApplicationShutdownHook]**************** INFO  com.zaxxer.hikari.HikariDataSource - HikariPool-1 - Shutdown completed.
2022-07-22 10:31:56 [main]**************** INFO  com.example.histudent.HistudentApplication - Starting HistudentApplication using Java 1.8.0_301 on LAPTOP-NM7AET7F with PID 11900 (E:\ËΩØ‰ª∂ËÆæËÆ°Â§ßËµõ\ÂêéÁ´Ø\histudent-master\target\classes started by ÈæôÊ∂õ05664416459 in E:\ËΩØ‰ª∂ËÆæËÆ°Â§ßËµõ\ÂêéÁ´Ø\histudent-master)
2022-07-22 10:31:56 [main]**************** INFO  com.example.histudent.HistudentApplication - The following 1 profile is active: "dev"
2022-07-22 10:31:57 [main]**************** INFO  org.apache.coyote.http11.Http11NioProtocol - Initializing ProtocolHandler ["http-nio-8081"]
2022-07-22 10:31:57 [main]**************** INFO  org.apache.catalina.core.StandardService - Starting service [Tomcat]
2022-07-22 10:31:57 [main]**************** INFO  org.apache.catalina.core.StandardEngine - Starting Servlet engine: [Apache Tomcat/9.0.64]
2022-07-22 10:31:58 [main]**************** INFO  o.a.c.core.ContainerBase.[Tomcat].[localhost].[/] - Initializing Spring embedded WebApplicationContext
2022-07-22 10:31:58 [main]**************** INFO  com.zaxxer.hikari.HikariDataSource - HikariPool-1 - Starting...
2022-07-22 10:31:58 [main]**************** INFO  com.zaxxer.hikari.HikariDataSource - HikariPool-1 - Start completed.
2022-07-22 10:31:58 [main]**************** INFO  org.hibernate.jpa.internal.util.LogHelper - HHH000204: Processing PersistenceUnitInfo [name: default]
2022-07-22 10:31:58 [main]**************** INFO  org.hibernate.Version - HHH000412: Hibernate ORM core version 5.6.9.Final
2022-07-22 10:31:58 [main]**************** INFO  org.hibernate.annotations.common.Version - HCANN000001: Hibernate Commons Annotations {5.1.2.Final}
2022-07-22 10:31:58 [main]**************** INFO  org.hibernate.dialect.Dialect - HHH000400: Using dialect: org.hibernate.dialect.MySQL57Dialect
2022-07-22 10:31:58 [main]**************** INFO  o.h.e.t.jta.platform.internal.JtaPlatformInitiator - HHH000490: Using JtaPlatform implementation: [org.hibernate.engine.transaction.jta.platform.internal.NoJtaPlatform]
2022-07-22 10:32:00 [main]**************** INFO  org.apache.coyote.http11.Http11NioProtocol - Starting ProtocolHandler ["http-nio-8081"]
2022-07-22 10:32:00 [main]**************** INFO  com.example.histudent.HistudentApplication - Started HistudentApplication in 4.057 seconds (JVM running for 5.156)
2022-07-22 10:32:41 [http-nio-8081-exec-1]**************** INFO  o.a.c.core.ContainerBase.[Tomcat].[localhost].[/] - Initializing Spring DispatcherServlet 'dispatcherServlet'
2022-07-22 10:32:41 [http-nio-8081-exec-1]**************** ERROR o.a.c.c.C.[.[localhost].[/].[dispatcherServlet] - Servlet.service() for servlet [dispatcherServlet] in context with path [] threw exception [Request processing failed; nested exception is java.lang.IllegalArgumentException: When allowCredentials is true, allowedOrigins cannot contain the special value "*" since that cannot be set on the "Access-Control-Allow-Origin" response header. To allow credentials to a set of origins, list them explicitly or consider using "allowedOriginPatterns" instead.] with root cause
java.lang.IllegalArgumentException: When allowCredentials is true, allowedOrigins cannot contain the special value "*" since that cannot be set on the "Access-Control-Allow-Origin" response header. To allow credentials to a set of origins, list them explicitly or consider using "allowedOriginPatterns" instead.
	at org.springframework.web.cors.CorsConfiguration.validateAllowCredentials(CorsConfiguration.java:473)
	at org.springframework.web.servlet.handler.AbstractHandlerMapping.getHandler(AbstractHandlerMapping.java:532)
	at org.springframework.web.servlet.DispatcherServlet.getHandler(DispatcherServlet.java:1261)
	at org.springframework.web.servlet.DispatcherServlet.doDispatch(DispatcherServlet.java:1043)
	at org.springframework.web.servlet.DispatcherServlet.doService(DispatcherServlet.java:963)
	at org.springframework.web.servlet.FrameworkServlet.processRequest(FrameworkServlet.java:1006)
	at org.springframework.web.servlet.FrameworkServlet.doGet(FrameworkServlet.java:898)
	at javax.servlet.http.HttpServlet.service(HttpServlet.java:655)
	at org.springframework.web.servlet.FrameworkServlet.service(FrameworkServlet.java:883)
	at javax.servlet.http.HttpServlet.service(HttpServlet.java:764)
	at org.apache.catalina.core.ApplicationFilterChain.internalDoFilter(ApplicationFilterChain.java:227)
	at org.apache.catalina.core.ApplicationFilterChain.doFilter(ApplicationFilterChain.java:162)
	at org.apache.tomcat.websocket.server.WsFilter.doFilter(WsFilter.java:53)
	at org.apache.catalina.core.ApplicationFilterChain.internalDoFilter(ApplicationFilterChain.java:189)
	at org.apache.catalina.core.ApplicationFilterChain.doFilter(ApplicationFilterChain.java:162)
	at org.springframework.web.filter.RequestContextFilter.doFilterInternal(RequestContextFilter.java:100)
	at org.springframework.web.filter.OncePerRequestFilter.doFilter(OncePerRequestFilter.java:117)
	at org.apache.catalina.core.ApplicationFilterChain.internalDoFilter(ApplicationFilterChain.java:189)
	at org.apache.catalina.core.ApplicationFilterChain.doFilter(ApplicationFilterChain.java:162)
	at org.springframework.web.filter.FormContentFilter.doFilterInternal(FormContentFilter.java:93)
	at org.springframework.web.filter.OncePerRequestFilter.doFilter(OncePerRequestFilter.java:117)
	at org.apache.catalina.core.ApplicationFilterChain.internalDoFilter(ApplicationFilterChain.java:189)
	at org.apache.catalina.core.ApplicationFilterChain.doFilter(ApplicationFilterChain.java:162)
	at org.springframework.web.filter.CharacterEncodingFilter.doFilterInternal(CharacterEncodingFilter.java:201)
	at org.springframework.web.filter.OncePerRequestFilter.doFilter(OncePerRequestFilter.java:117)
	at org.apache.catalina.core.ApplicationFilterChain.internalDoFilter(ApplicationFilterChain.java:189)
	at org.apache.catalina.core.ApplicationFilterChain.doFilter(ApplicationFilterChain.java:162)
	at org.apache.catalina.core.StandardWrapperValve.invoke(StandardWrapperValve.java:197)
	at org.apache.catalina.core.StandardContextValve.invoke(StandardContextValve.java:97)
	at org.apache.catalina.authenticator.AuthenticatorBase.invoke(AuthenticatorBase.java:541)
	at org.apache.catalina.core.StandardHostValve.invoke(StandardHostValve.java:135)
	at org.apache.catalina.valves.ErrorReportValve.invoke(ErrorReportValve.java:92)
	at org.apache.catalina.core.StandardEngineValve.invoke(StandardEngineValve.java:78)
	at org.apache.catalina.connector.CoyoteAdapter.service(CoyoteAdapter.java:360)
	at org.apache.coyote.http11.Http11Processor.service(Http11Processor.java:399)
	at org.apache.coyote.AbstractProcessorLight.process(AbstractProcessorLight.java:65)
	at org.apache.coyote.AbstractProtocol$ConnectionHandler.process(AbstractProtocol.java:890)
	at org.apache.tomcat.util.net.NioEndpoint$SocketProcessor.doRun(NioEndpoint.java:1787)
	at org.apache.tomcat.util.net.SocketProcessorBase.run(SocketProcessorBase.java:49)
	at org.apache.tomcat.util.threads.ThreadPoolExecutor.runWorker(ThreadPoolExecutor.java:1191)
	at org.apache.tomcat.util.threads.ThreadPoolExecutor$Worker.run(ThreadPoolExecutor.java:659)
	at org.apache.tomcat.util.threads.TaskThread$WrappingRunnable.run(TaskThread.java:61)
	at java.lang.Thread.run(Thread.java:748)
2022-07-22 10:32:41 [http-nio-8081-exec-1]**************** ERROR o.a.c.c.C.[.[localhost].[/].[dispatcherServlet] - Servlet.service() for servlet [dispatcherServlet] threw exception
java.lang.IllegalArgumentException: When allowCredentials is true, allowedOrigins cannot contain the special value "*" since that cannot be set on the "Access-Control-Allow-Origin" response header. To allow credentials to a set of origins, list them explicitly or consider using "allowedOriginPatterns" instead.
	at org.springframework.web.cors.CorsConfiguration.validateAllowCredentials(CorsConfiguration.java:473)
	at org.springframework.web.servlet.handler.AbstractHandlerMapping.getHandler(AbstractHandlerMapping.java:532)
	at org.springframework.web.servlet.DispatcherServlet.getHandler(DispatcherServlet.java:1261)
	at org.springframework.web.servlet.DispatcherServlet.doDispatch(DispatcherServlet.java:1043)
	at org.springframework.web.servlet.DispatcherServlet.doService(DispatcherServlet.java:963)
	at org.springframework.web.servlet.FrameworkServlet.processRequest(FrameworkServlet.java:1006)
	at org.springframework.web.servlet.FrameworkServlet.doGet(FrameworkServlet.java:898)
	at javax.servlet.http.HttpServlet.service(HttpServlet.java:655)
	at org.springframework.web.servlet.FrameworkServlet.service(FrameworkServlet.java:883)
	at javax.servlet.http.HttpServlet.service(HttpServlet.java:764)
	at org.apache.catalina.core.ApplicationFilterChain.internalDoFilter(ApplicationFilterChain.java:227)
	at org.apache.catalina.core.ApplicationFilterChain.doFilter(ApplicationFilterChain.java:162)
	at org.springframework.web.filter.RequestContextFilter.doFilterInternal(RequestContextFilter.java:100)
	at org.springframework.web.filter.OncePerRequestFilter.doFilter(OncePerRequestFilter.java:117)
	at org.apache.catalina.core.ApplicationFilterChain.internalDoFilter(ApplicationFilterChain.java:189)
	at org.apache.catalina.core.ApplicationFilterChain.doFilter(ApplicationFilterChain.java:162)
	at org.springframework.web.filter.OncePerRequestFilter.doFilter(OncePerRequestFilter.java:102)
	at org.apache.catalina.core.ApplicationFilterChain.internalDoFilter(ApplicationFilterChain.java:189)
	at org.apache.catalina.core.ApplicationFilterChain.doFilter(ApplicationFilterChain.java:162)
	at org.springframework.web.filter.OncePerRequestFilter.doFilter(OncePerRequestFilter.java:102)
	at org.apache.catalina.core.ApplicationFilterChain.internalDoFilter(ApplicationFilterChain.java:189)
	at org.apache.catalina.core.ApplicationFilterChain.doFilter(ApplicationFilterChain.java:162)
	at org.apache.catalina.core.ApplicationDispatcher.invoke(ApplicationDispatcher.java:711)
	at org.apache.catalina.core.ApplicationDispatcher.processRequest(ApplicationDispatcher.java:461)
	at org.apache.catalina.core.ApplicationDispatcher.doForward(ApplicationDispatcher.java:385)
	at org.apache.catalina.core.ApplicationDispatcher.forward(ApplicationDispatcher.java:313)
	at org.apache.catalina.core.StandardHostValve.custom(StandardHostValve.java:403)
	at org.apache.catalina.core.StandardHostValve.status(StandardHostValve.java:249)
	at org.apache.catalina.core.StandardHostValve.throwable(StandardHostValve.java:344)
	at org.apache.catalina.core.StandardHostValve.invoke(StandardHostValve.java:169)
	at org.apache.catalina.valves.ErrorReportValve.invoke(ErrorReportValve.java:92)
	at org.apache.catalina.core.StandardEngineValve.invoke(StandardEngineValve.java:78)
	at org.apache.catalina.connector.CoyoteAdapter.service(CoyoteAdapter.java:360)
	at org.apache.coyote.http11.Http11Processor.service(Http11Processor.java:399)
	at org.apache.coyote.AbstractProcessorLight.process(AbstractProcessorLight.java:65)
	at org.apache.coyote.AbstractProtocol$ConnectionHandler.process(AbstractProtocol.java:890)
	at org.apache.tomcat.util.net.NioEndpoint$SocketProcessor.doRun(NioEndpoint.java:1787)
	at org.apache.tomcat.util.net.SocketProcessorBase.run(SocketProcessorBase.java:49)
	at org.apache.tomcat.util.threads.ThreadPoolExecutor.runWorker(ThreadPoolExecutor.java:1191)
	at org.apache.tomcat.util.threads.ThreadPoolExecutor$Worker.run(ThreadPoolExecutor.java:659)
	at org.apache.tomcat.util.threads.TaskThread$WrappingRunnable.run(TaskThread.java:61)
	at java.lang.Thread.run(Thread.java:748)
2022-07-22 10:32:41 [http-nio-8081-exec-1]**************** ERROR o.a.c.core.ContainerBase.[Tomcat].[localhost] - Exception Processing ErrorPage[errorCode=0, location=/error]
org.springframework.web.util.NestedServletException: Request processing failed; nested exception is java.lang.IllegalArgumentException: When allowCredentials is true, allowedOrigins cannot contain the special value "*" since that cannot be set on the "Access-Control-Allow-Origin" response header. To allow credentials to a set of origins, list them explicitly or consider using "allowedOriginPatterns" instead.
	at org.springframework.web.servlet.FrameworkServlet.processRequest(FrameworkServlet.java:1014)
	at org.springframework.web.servlet.FrameworkServlet.doGet(FrameworkServlet.java:898)
	at javax.servlet.http.HttpServlet.service(HttpServlet.java:655)
	at org.springframework.web.servlet.FrameworkServlet.service(FrameworkServlet.java:883)
	at javax.servlet.http.HttpServlet.service(HttpServlet.java:764)
	at org.apache.catalina.core.ApplicationFilterChain.internalDoFilter(ApplicationFilterChain.java:227)
	at org.apache.catalina.core.ApplicationFilterChain.doFilter(ApplicationFilterChain.java:162)
	at org.springframework.web.filter.RequestContextFilter.doFilterInternal(RequestContextFilter.java:100)
	at org.springframework.web.filter.OncePerRequestFilter.doFilter(OncePerRequestFilter.java:117)
	at org.apache.catalina.core.ApplicationFilterChain.internalDoFilter(ApplicationFilterChain.java:189)
	at org.apache.catalina.core.ApplicationFilterChain.doFilter(ApplicationFilterChain.java:162)
	at org.springframework.web.filter.OncePerRequestFilter.doFilter(OncePerRequestFilter.java:102)
	at org.apache.catalina.core.ApplicationFilterChain.internalDoFilter(ApplicationFilterChain.java:189)
	at org.apache.catalina.core.ApplicationFilterChain.doFilter(ApplicationFilterChain.java:162)
	at org.springframework.web.filter.OncePerRequestFilter.doFilter(OncePerRequestFilter.java:102)
	at org.apache.catalina.core.ApplicationFilterChain.internalDoFilter(ApplicationFilterChain.java:189)
	at org.apache.catalina.core.ApplicationFilterChain.doFilter(ApplicationFilterChain.java:162)
	at org.apache.catalina.core.ApplicationDispatcher.invoke(ApplicationDispatcher.java:711)
	at org.apache.catalina.core.ApplicationDispatcher.processRequest(ApplicationDispatcher.java:461)
	at org.apache.catalina.core.ApplicationDispatcher.doForward(ApplicationDispatcher.java:385)
	at org.apache.catalina.core.ApplicationDispatcher.forward(ApplicationDispatcher.java:313)
	at org.apache.catalina.core.StandardHostValve.custom(StandardHostValve.java:403)
	at org.apache.catalina.core.StandardHostValve.status(StandardHostValve.java:249)
	at org.apache.catalina.core.StandardHostValve.throwable(StandardHostValve.java:344)
	at org.apache.catalina.core.StandardHostValve.invoke(StandardHostValve.java:169)
	at org.apache.catalina.valves.ErrorReportValve.invoke(ErrorReportValve.java:92)
	at org.apache.catalina.core.StandardEngineValve.invoke(StandardEngineValve.java:78)
	at org.apache.catalina.connector.CoyoteAdapter.service(CoyoteAdapter.java:360)
	at org.apache.coyote.http11.Http11Processor.service(Http11Processor.java:399)
	at org.apache.coyote.AbstractProcessorLight.process(AbstractProcessorLight.java:65)
	at org.apache.coyote.AbstractProtocol$ConnectionHandler.process(AbstractProtocol.java:890)
	at org.apache.tomcat.util.net.NioEndpoint$SocketProcessor.doRun(NioEndpoint.java:1787)
	at org.apache.tomcat.util.net.SocketProcessorBase.run(SocketProcessorBase.java:49)
	at org.apache.tomcat.util.threads.ThreadPoolExecutor.runWorker(ThreadPoolExecutor.java:1191)
	at org.apache.tomcat.util.threads.ThreadPoolExecutor$Worker.run(ThreadPoolExecutor.java:659)
	at org.apache.tomcat.util.threads.TaskThread$WrappingRunnable.run(TaskThread.java:61)
	at java.lang.Thread.run(Thread.java:748)
Caused by: java.lang.IllegalArgumentException: When allowCredentials is true, allowedOrigins cannot contain the special value "*" since that cannot be set on the "Access-Control-Allow-Origin" response header. To allow credentials to a set of origins, list them explicitly or consider using "allowedOriginPatterns" instead.
	at org.springframework.web.cors.CorsConfiguration.validateAllowCredentials(CorsConfiguration.java:473)
	at org.springframework.web.servlet.handler.AbstractHandlerMapping.getHandler(AbstractHandlerMapping.java:532)
	at org.springframework.web.servlet.DispatcherServlet.getHandler(DispatcherServlet.java:1261)
	at org.springframework.web.servlet.DispatcherServlet.doDispatch(DispatcherServlet.java:1043)
	at org.springframework.web.servlet.DispatcherServlet.doService(DispatcherServlet.java:963)
	at org.springframework.web.servlet.FrameworkServlet.processRequest(FrameworkServlet.java:1006)
	... 36 common frames omitted
2022-07-22 10:36:50 [SpringApplicationShutdownHook]**************** INFO  com.zaxxer.hikari.HikariDataSource - HikariPool-1 - Shutdown initiated...
2022-07-22 10:36:50 [SpringApplicationShutdownHook]**************** INFO  com.zaxxer.hikari.HikariDataSource - HikariPool-1 - Shutdown completed.
2022-07-22 10:36:56 [main]**************** INFO  com.example.histudent.HistudentApplication - Starting HistudentApplication using Java 1.8.0_301 on LAPTOP-NM7AET7F with PID 13628 (E:\ËΩØ‰ª∂ËÆæËÆ°Â§ßËµõ\ÂêéÁ´Ø\histudent-master\target\classes started by ÈæôÊ∂õ05664416459 in E:\ËΩØ‰ª∂ËÆæËÆ°Â§ßËµõ\ÂêéÁ´Ø\histudent-master)
2022-07-22 10:36:56 [main]**************** INFO  com.example.histudent.HistudentApplication - The following 1 profile is active: "dev"
2022-07-22 10:36:58 [main]**************** INFO  org.apache.coyote.http11.Http11NioProtocol - Initializing ProtocolHandler ["http-nio-8081"]
2022-07-22 10:36:58 [main]**************** INFO  org.apache.catalina.core.StandardService - Starting service [Tomcat]
2022-07-22 10:36:58 [main]**************** INFO  org.apache.catalina.core.StandardEngine - Starting Servlet engine: [Apache Tomcat/9.0.64]
2022-07-22 10:36:58 [main]**************** INFO  o.a.c.core.ContainerBase.[Tomcat].[localhost].[/] - Initializing Spring embedded WebApplicationContext
2022-07-22 10:36:58 [main]**************** INFO  com.zaxxer.hikari.HikariDataSource - HikariPool-1 - Starting...
2022-07-22 10:36:58 [main]**************** INFO  com.zaxxer.hikari.HikariDataSource - HikariPool-1 - Start completed.
2022-07-22 10:36:58 [main]**************** INFO  org.hibernate.jpa.internal.util.LogHelper - HHH000204: Processing PersistenceUnitInfo [name: default]
2022-07-22 10:36:58 [main]**************** INFO  org.hibernate.Version - HHH000412: Hibernate ORM core version 5.6.9.Final
2022-07-22 10:36:58 [main]**************** INFO  org.hibernate.annotations.common.Version - HCANN000001: Hibernate Commons Annotations {5.1.2.Final}
2022-07-22 10:36:59 [main]**************** INFO  org.hibernate.dialect.Dialect - HHH000400: Using dialect: org.hibernate.dialect.MySQL57Dialect
2022-07-22 10:36:59 [main]**************** INFO  o.h.e.t.jta.platform.internal.JtaPlatformInitiator - HHH000490: Using JtaPlatform implementation: [org.hibernate.engine.transaction.jta.platform.internal.NoJtaPlatform]
2022-07-22 10:37:00 [main]**************** INFO  org.apache.coyote.http11.Http11NioProtocol - Starting ProtocolHandler ["http-nio-8081"]
2022-07-22 10:37:00 [main]**************** INFO  com.example.histudent.HistudentApplication - Started HistudentApplication in 4.372 seconds (JVM running for 5.535)
2022-07-22 10:37:06 [http-nio-8081-exec-1]**************** INFO  o.a.c.core.ContainerBase.[Tomcat].[localhost].[/] - Initializing Spring DispatcherServlet 'dispatcherServlet'
2022-07-22 10:37:38 [main]**************** INFO  com.example.histudent.HistudentApplicationTests - Starting HistudentApplicationTests using Java 1.8.0_301 on LAPTOP-NM7AET7F with PID 11168 (started by ¡˙ÃŒ05664416459 in E:\»Ìº˛…Ëº∆¥Û»¸\∫Û∂À\histudent-master)
2022-07-22 10:37:38 [main]**************** INFO  com.example.histudent.HistudentApplicationTests - The following 1 profile is active: "dev"
2022-07-22 10:37:39 [main]**************** INFO  com.zaxxer.hikari.HikariDataSource - HikariPool-1 - Starting...
2022-07-22 10:37:40 [main]**************** INFO  com.zaxxer.hikari.HikariDataSource - HikariPool-1 - Start completed.
2022-07-22 10:37:40 [main]**************** INFO  org.hibernate.jpa.internal.util.LogHelper - HHH000204: Processing PersistenceUnitInfo [name: default]
2022-07-22 10:37:40 [main]**************** INFO  org.hibernate.Version - HHH000412: Hibernate ORM core version 5.6.9.Final
2022-07-22 10:37:40 [main]**************** INFO  org.hibernate.annotations.common.Version - HCANN000001: Hibernate Commons Annotations {5.1.2.Final}
2022-07-22 10:37:40 [main]**************** INFO  org.hibernate.dialect.Dialect - HHH000400: Using dialect: org.hibernate.dialect.MySQL57Dialect
2022-07-22 10:37:40 [main]**************** INFO  o.h.e.t.jta.platform.internal.JtaPlatformInitiator - HHH000490: Using JtaPlatform implementation: [org.hibernate.engine.transaction.jta.platform.internal.NoJtaPlatform]
2022-07-22 10:37:43 [main]**************** INFO  com.example.histudent.HistudentApplicationTests - Started HistudentApplicationTests in 5.101 seconds (JVM running for 5.997)
2022-07-22 10:37:43 [SpringApplicationShutdownHook]**************** INFO  com.zaxxer.hikari.HikariDataSource - HikariPool-1 - Shutdown initiated...
2022-07-22 10:37:43 [SpringApplicationShutdownHook]**************** INFO  com.zaxxer.hikari.HikariDataSource - HikariPool-1 - Shutdown completed.
2022-07-22 10:37:54 [main]**************** INFO  com.example.histudent.HistudentApplicationTests - Starting HistudentApplicationTests using Java 1.8.0_301 on LAPTOP-NM7AET7F with PID 12620 (started by ¡˙ÃŒ05664416459 in E:\»Ìº˛…Ëº∆¥Û»¸\∫Û∂À\histudent-master)
2022-07-22 10:37:54 [main]**************** INFO  com.example.histudent.HistudentApplicationTests - The following 1 profile is active: "dev"
2022-07-22 10:37:55 [main]**************** INFO  com.zaxxer.hikari.HikariDataSource - HikariPool-1 - Starting...
2022-07-22 10:37:55 [main]**************** INFO  com.zaxxer.hikari.HikariDataSource - HikariPool-1 - Start completed.
2022-07-22 10:37:55 [main]**************** INFO  org.hibernate.jpa.internal.util.LogHelper - HHH000204: Processing PersistenceUnitInfo [name: default]
2022-07-22 10:37:55 [main]**************** INFO  org.hibernate.Version - HHH000412: Hibernate ORM core version 5.6.9.Final
2022-07-22 10:37:56 [main]**************** INFO  org.hibernate.annotations.common.Version - HCANN000001: Hibernate Commons Annotations {5.1.2.Final}
2022-07-22 10:37:56 [main]**************** INFO  org.hibernate.dialect.Dialect - HHH000400: Using dialect: org.hibernate.dialect.MySQL57Dialect
2022-07-22 10:37:56 [main]**************** INFO  o.h.e.t.jta.platform.internal.JtaPlatformInitiator - HHH000490: Using JtaPlatform implementation: [org.hibernate.engine.transaction.jta.platform.internal.NoJtaPlatform]
2022-07-22 10:37:58 [main]**************** INFO  com.example.histudent.HistudentApplicationTests - Started HistudentApplicationTests in 5.029 seconds (JVM running for 5.945)
2022-07-22 10:37:59 [SpringApplicationShutdownHook]**************** INFO  com.zaxxer.hikari.HikariDataSource - HikariPool-1 - Shutdown initiated...
2022-07-22 10:37:59 [SpringApplicationShutdownHook]**************** INFO  com.zaxxer.hikari.HikariDataSource - HikariPool-1 - Shutdown completed.
2022-07-22 10:45:28 [SpringApplicationShutdownHook]**************** INFO  com.zaxxer.hikari.HikariDataSource - HikariPool-1 - Shutdown initiated...
2022-07-22 10:45:28 [SpringApplicationShutdownHook]**************** INFO  com.zaxxer.hikari.HikariDataSource - HikariPool-1 - Shutdown completed.
2022-07-22 10:45:37 [main]**************** INFO  com.example.histudent.HistudentApplication - Starting HistudentApplication using Java 1.8.0_301 on LAPTOP-NM7AET7F with PID 10780 (E:\ËΩØ‰ª∂ËÆæËÆ°Â§ßËµõ\ÂêéÁ´Ø\histudent-master\target\classes started by ÈæôÊ∂õ05664416459 in E:\ËΩØ‰ª∂ËÆæËÆ°Â§ßËµõ\ÂêéÁ´Ø\histudent-master)
2022-07-22 10:45:37 [main]**************** INFO  com.example.histudent.HistudentApplication - The following 1 profile is active: "dev"
2022-07-22 10:45:38 [main]**************** INFO  org.apache.coyote.http11.Http11NioProtocol - Initializing ProtocolHandler ["http-nio-8081"]
2022-07-22 10:45:38 [main]**************** INFO  org.apache.catalina.core.StandardService - Starting service [Tomcat]
2022-07-22 10:45:38 [main]**************** INFO  org.apache.catalina.core.StandardEngine - Starting Servlet engine: [Apache Tomcat/9.0.64]
2022-07-22 10:45:38 [main]**************** INFO  o.a.c.core.ContainerBase.[Tomcat].[localhost].[/] - Initializing Spring embedded WebApplicationContext
2022-07-22 10:45:38 [main]**************** INFO  com.zaxxer.hikari.HikariDataSource - HikariPool-1 - Starting...
2022-07-22 10:45:38 [main]**************** INFO  com.zaxxer.hikari.HikariDataSource - HikariPool-1 - Start completed.
2022-07-22 10:45:38 [main]**************** INFO  org.hibernate.jpa.internal.util.LogHelper - HHH000204: Processing PersistenceUnitInfo [name: default]
2022-07-22 10:45:38 [main]**************** INFO  org.hibernate.Version - HHH000412: Hibernate ORM core version 5.6.9.Final
2022-07-22 10:45:38 [main]**************** INFO  org.hibernate.annotations.common.Version - HCANN000001: Hibernate Commons Annotations {5.1.2.Final}
2022-07-22 10:45:38 [main]**************** INFO  org.hibernate.dialect.Dialect - HHH000400: Using dialect: org.hibernate.dialect.MySQL57Dialect
2022-07-22 10:45:38 [main]**************** INFO  o.h.e.t.jta.platform.internal.JtaPlatformInitiator - HHH000490: Using JtaPlatform implementation: [org.hibernate.engine.transaction.jta.platform.internal.NoJtaPlatform]
2022-07-22 10:45:40 [main]**************** INFO  org.apache.coyote.http11.Http11NioProtocol - Starting ProtocolHandler ["http-nio-8081"]
2022-07-22 10:45:40 [main]**************** INFO  com.example.histudent.HistudentApplication - Started HistudentApplication in 3.369 seconds (JVM running for 4.237)
2022-07-22 10:45:46 [http-nio-8081-exec-2]**************** INFO  o.a.c.core.ContainerBase.[Tomcat].[localhost].[/] - Initializing Spring DispatcherServlet 'dispatcherServlet'
2022-07-22 10:45:54 [SpringApplicationShutdownHook]**************** INFO  com.zaxxer.hikari.HikariDataSource - HikariPool-1 - Shutdown initiated...
2022-07-22 10:45:54 [SpringApplicationShutdownHook]**************** INFO  com.zaxxer.hikari.HikariDataSource - HikariPool-1 - Shutdown completed.
2022-07-22 10:46:14 [main]**************** INFO  com.example.histudent.HistudentApplicationTests - Starting HistudentApplicationTests using Java 1.8.0_301 on LAPTOP-NM7AET7F with PID 3816 (started by ¡˙ÃŒ05664416459 in E:\»Ìº˛…Ëº∆¥Û»¸\∫Û∂À\histudent-master)
2022-07-22 10:46:14 [main]**************** INFO  com.example.histudent.HistudentApplicationTests - The following 1 profile is active: "dev"
2022-07-22 10:46:16 [main]**************** INFO  com.zaxxer.hikari.HikariDataSource - HikariPool-1 - Starting...
2022-07-22 10:46:16 [main]**************** INFO  com.zaxxer.hikari.HikariDataSource - HikariPool-1 - Start completed.
2022-07-22 10:46:16 [main]**************** INFO  org.hibernate.jpa.internal.util.LogHelper - HHH000204: Processing PersistenceUnitInfo [name: default]
2022-07-22 10:46:16 [main]**************** INFO  org.hibernate.Version - HHH000412: Hibernate ORM core version 5.6.9.Final
2022-07-22 10:46:16 [main]**************** INFO  org.hibernate.annotations.common.Version - HCANN000001: Hibernate Commons Annotations {5.1.2.Final}
2022-07-22 10:46:16 [main]**************** INFO  org.hibernate.dialect.Dialect - HHH000400: Using dialect: org.hibernate.dialect.MySQL57Dialect
2022-07-22 10:46:17 [main]**************** INFO  o.h.e.t.jta.platform.internal.JtaPlatformInitiator - HHH000490: Using JtaPlatform implementation: [org.hibernate.engine.transaction.jta.platform.internal.NoJtaPlatform]
2022-07-22 10:46:19 [main]**************** INFO  com.example.histudent.HistudentApplicationTests - Started HistudentApplicationTests in 5.046 seconds (JVM running for 6.058)
2022-07-22 10:46:19 [SpringApplicationShutdownHook]**************** INFO  com.zaxxer.hikari.HikariDataSource - HikariPool-1 - Shutdown initiated...
2022-07-22 10:46:19 [SpringApplicationShutdownHook]**************** INFO  com.zaxxer.hikari.HikariDataSource - HikariPool-1 - Shutdown completed.
2022-07-22 10:46:29 [main]**************** INFO  com.example.histudent.HistudentApplicationTests - Starting HistudentApplicationTests using Java 1.8.0_301 on LAPTOP-NM7AET7F with PID 10736 (started by ¡˙ÃŒ05664416459 in E:\»Ìº˛…Ëº∆¥Û»¸\∫Û∂À\histudent-master)
2022-07-22 10:46:29 [main]**************** INFO  com.example.histudent.HistudentApplicationTests - The following 1 profile is active: "dev"
2022-07-22 10:46:30 [main]**************** INFO  com.zaxxer.hikari.HikariDataSource - HikariPool-1 - Starting...
2022-07-22 10:46:30 [main]**************** INFO  com.zaxxer.hikari.HikariDataSource - HikariPool-1 - Start completed.
2022-07-22 10:46:30 [main]**************** INFO  org.hibernate.jpa.internal.util.LogHelper - HHH000204: Processing PersistenceUnitInfo [name: default]
2022-07-22 10:46:30 [main]**************** INFO  org.hibernate.Version - HHH000412: Hibernate ORM core version 5.6.9.Final
2022-07-22 10:46:30 [main]**************** INFO  org.hibernate.annotations.common.Version - HCANN000001: Hibernate Commons Annotations {5.1.2.Final}
2022-07-22 10:46:31 [main]**************** INFO  org.hibernate.dialect.Dialect - HHH000400: Using dialect: org.hibernate.dialect.MySQL57Dialect
2022-07-22 10:46:31 [main]**************** INFO  o.h.e.t.jta.platform.internal.JtaPlatformInitiator - HHH000490: Using JtaPlatform implementation: [org.hibernate.engine.transaction.jta.platform.internal.NoJtaPlatform]
2022-07-22 10:46:33 [main]**************** INFO  com.example.histudent.HistudentApplicationTests - Started HistudentApplicationTests in 4.956 seconds (JVM running for 6.016)
2022-07-22 10:46:33 [SpringApplicationShutdownHook]**************** INFO  com.zaxxer.hikari.HikariDataSource - HikariPool-1 - Shutdown initiated...
2022-07-22 10:46:33 [SpringApplicationShutdownHook]**************** INFO  com.zaxxer.hikari.HikariDataSource - HikariPool-1 - Shutdown completed.
